0 info it worked if it ends with ok
1 verbose cli [ 'C:\\Program Files\\nodejs\\\\node.exe',
1 verbose cli   'C:\\Program Files\\nodejs\\node_modules\\npm\\bin\\npm-cli.js',
1 verbose cli   'run',
1 verbose cli   'e2e_main' ]
2 info using npm@1.4.28
3 info using node@v0.10.36
4 verbose node symlink C:\Program Files\nodejs\\node.exe
5 verbose run-script [ 'pree2e_main', 'e2e_main', 'poste2e_main' ]
6 info pree2e_main originem@0.0.0
7 info e2e_main originem@0.0.0
8 verbose unsafe-perm in lifecycle true
9 info originem@0.0.0 Failed to exec e2e_main script
10 error originem@0.0.0 e2e_main: `protractor test/e2e/conf.js --suite main`
10 error Exit status 8
11 error Failed at the originem@0.0.0 e2e_main script.
11 error This is most likely a problem with the originem package,
11 error not with npm itself.
11 error Tell the author that this fails on your system:
11 error     protractor test/e2e/conf.js --suite main
11 error You can get their info via:
11 error     npm owner ls originem
11 error There is likely additional logging output above.
12 error System Windows_NT 6.1.7601
13 error command "C:\\Program Files\\nodejs\\\\node.exe" "C:\\Program Files\\nodejs\\node_modules\\npm\\bin\\npm-cli.js" "run" "e2e_main"
14 error cwd D:\dev\makeitsimple\originem
15 error node -v v0.10.36
16 error npm -v 1.4.28
17 error code ELIFECYCLE
18 verbose exit [ 1, true ]
